{"C:\\DevOpsSecOpsTraining\\node-vuln-demo\\app.js": {"path":"C:\\DevOpsSecOpsTraining\\node-vuln-demo\\app.js","statementMap":{"0":{"start":{"line":1,"column":0},"end":{"line":1,"column":27}},"1":{"start":{"line":2,"column":16},"end":{"line":2,"column":34}},"2":{"start":{"line":3,"column":17},"end":{"line":3,"column":36}},"3":{"start":{"line":4,"column":12},"end":{"line":4,"column":35}},"4":{"start":{"line":5,"column":13},"end":{"line":5,"column":36}},"5":{"start":{"line":7,"column":12},"end":{"line":7,"column":21}},"6":{"start":{"line":8,"column":0},"end":{"line":8,"column":24}},"7":{"start":{"line":10,"column":0},"end":{"line":12,"column":56}},"8":{"start":{"line":11,"column":14},"end":{"line":11,"column":49}},"9":{"start":{"line":12,"column":16},"end":{"line":12,"column":54}},"10":{"start":{"line":14,"column":19},"end":{"line":14,"column":41}},"11":{"start":{"line":17,"column":22},"end":{"line":17,"column":86}},"12":{"start":{"line":18,"column":23},"end":{"line":18,"column":86}},"13":{"start":{"line":19,"column":2},"end":{"line":19,"column":39}},"14":{"start":{"line":23,"column":0},"end":{"line":35,"column":3}},"15":{"start":{"line":24,"column":33},"end":{"line":24,"column":41}},"16":{"start":{"line":25,"column":2},"end":{"line":34,"column":3}},"17":{"start":{"line":26,"column":21},"end":{"line":26,"column":53}},"18":{"start":{"line":27,"column":4},"end":{"line":27,"column":72}},"19":{"start":{"line":27,"column":18},"end":{"line":27,"column":72}},"20":{"start":{"line":29,"column":17},"end":{"line":29,"column":49}},"21":{"start":{"line":30,"column":4},"end":{"line":30,"column":22}},"22":{"start":{"line":31,"column":4},"end":{"line":31,"column":57}},"23":{"start":{"line":33,"column":4},"end":{"line":33,"column":59}},"24":{"start":{"line":38,"column":0},"end":{"line":50,"column":3}},"25":{"start":{"line":39,"column":33},"end":{"line":39,"column":41}},"26":{"start":{"line":40,"column":15},"end":{"line":40,"column":47}},"27":{"start":{"line":41,"column":2},"end":{"line":43,"column":3}},"28":{"start":{"line":42,"column":4},"end":{"line":42,"column":66}},"29":{"start":{"line":45,"column":17},"end":{"line":45,"column":37}},"30":{"start":{"line":46,"column":2},"end":{"line":46,"column":42}},"31":{"start":{"line":47,"column":2},"end":{"line":47,"column":20}},"32":{"start":{"line":49,"column":2},"end":{"line":49,"column":19}},"33":{"start":{"line":53,"column":0},"end":{"line":72,"column":3}},"34":{"start":{"line":54,"column":27},"end":{"line":54,"column":35}},"35":{"start":{"line":55,"column":2},"end":{"line":55,"column":86}},"36":{"start":{"line":55,"column":21},"end":{"line":55,"column":86}},"37":{"start":{"line":57,"column":2},"end":{"line":71,"column":3}},"38":{"start":{"line":58,"column":20},"end":{"line":58,"column":56}},"39":{"start":{"line":59,"column":17},"end":{"line":59,"column":52}},"40":{"start":{"line":60,"column":4},"end":{"line":62,"column":5}},"41":{"start":{"line":61,"column":6},"end":{"line":61,"column":70}},"42":{"start":{"line":64,"column":19},"end":{"line":64,"column":39}},"43":{"start":{"line":65,"column":4},"end":{"line":65,"column":44}},"44":{"start":{"line":66,"column":4},"end":{"line":66,"column":22}},"45":{"start":{"line":68,"column":4},"end":{"line":68,"column":21}},"46":{"start":{"line":70,"column":4},"end":{"line":70,"column":64}},"47":{"start":{"line":75,"column":0},"end":{"line":86,"column":3}},"48":{"start":{"line":76,"column":16},"end":{"line":76,"column":56}},"49":{"start":{"line":77,"column":2},"end":{"line":77,"column":78}},"50":{"start":{"line":77,"column":14},"end":{"line":77,"column":78}},"51":{"start":{"line":79,"column":2},"end":{"line":85,"column":3}},"52":{"start":{"line":80,"column":20},"end":{"line":80,"column":49}},"53":{"start":{"line":81,"column":17},"end":{"line":81,"column":52}},"54":{"start":{"line":82,"column":4},"end":{"line":82,"column":56}},"55":{"start":{"line":84,"column":4},"end":{"line":84,"column":64}},"56":{"start":{"line":87,"column":0},"end":{"line":89,"column":1}},"57":{"start":{"line":88,"column":2},"end":{"line":88,"column":84}},"58":{"start":{"line":88,"column":25},"end":{"line":88,"column":82}},"59":{"start":{"line":91,"column":0},"end":{"line":109,"column":3}},"60":{"start":{"line":92,"column":16},"end":{"line":92,"column":37}},"61":{"start":{"line":93,"column":2},"end":{"line":93,"column":79}},"62":{"start":{"line":93,"column":14},"end":{"line":93,"column":79}},"63":{"start":{"line":95,"column":2},"end":{"line":108,"column":3}},"64":{"start":{"line":96,"column":20},"end":{"line":96,"column":49}},"65":{"start":{"line":97,"column":17},"end":{"line":97,"column":52}},"66":{"start":{"line":98,"column":4},"end":{"line":100,"column":5}},"67":{"start":{"line":99,"column":6},"end":{"line":99,"column":62}},"68":{"start":{"line":102,"column":4},"end":{"line":102,"column":29}},"69":{"start":{"line":103,"column":4},"end":{"line":103,"column":22}},"70":{"start":{"line":105,"column":4},"end":{"line":105,"column":53}},"71":{"start":{"line":107,"column":4},"end":{"line":107,"column":64}},"72":{"start":{"line":111,"column":0},"end":{"line":111,"column":21}}},"fnMap":{"0":{"name":"(anonymous_0)","decl":{"start":{"line":11,"column":8},"end":{"line":11,"column":9}},"loc":{"start":{"line":11,"column":14},"end":{"line":11,"column":49}},"line":11},"1":{"name":"(anonymous_1)","decl":{"start":{"line":12,"column":9},"end":{"line":12,"column":10}},"loc":{"start":{"line":12,"column":16},"end":{"line":12,"column":54}},"line":12},"2":{"name":"generateTokens","decl":{"start":{"line":16,"column":9},"end":{"line":16,"column":23}},"loc":{"start":{"line":16,"column":30},"end":{"line":20,"column":1}},"line":16},"3":{"name":"(anonymous_3)","decl":{"start":{"line":23,"column":22},"end":{"line":23,"column":23}},"loc":{"start":{"line":23,"column":42},"end":{"line":35,"column":1}},"line":23},"4":{"name":"(anonymous_4)","decl":{"start":{"line":38,"column":19},"end":{"line":38,"column":20}},"loc":{"start":{"line":38,"column":39},"end":{"line":50,"column":1}},"line":38},"5":{"name":"(anonymous_5)","decl":{"start":{"line":53,"column":21},"end":{"line":53,"column":22}},"loc":{"start":{"line":53,"column":41},"end":{"line":72,"column":1}},"line":53},"6":{"name":"(anonymous_6)","decl":{"start":{"line":75,"column":22},"end":{"line":75,"column":23}},"loc":{"start":{"line":75,"column":42},"end":{"line":86,"column":1}},"line":75},"7":{"name":"(anonymous_7)","decl":{"start":{"line":88,"column":19},"end":{"line":88,"column":20}},"loc":{"start":{"line":88,"column":25},"end":{"line":88,"column":82}},"line":88},"8":{"name":"(anonymous_8)","decl":{"start":{"line":91,"column":20},"end":{"line":91,"column":21}},"loc":{"start":{"line":91,"column":40},"end":{"line":109,"column":1}},"line":91}},"branchMap":{"0":{"loc":{"start":{"line":27,"column":4},"end":{"line":27,"column":72}},"type":"if","locations":[{"start":{"line":27,"column":4},"end":{"line":27,"column":72}},{"start":{},"end":{}}],"line":27},"1":{"loc":{"start":{"line":41,"column":2},"end":{"line":43,"column":3}},"type":"if","locations":[{"start":{"line":41,"column":2},"end":{"line":43,"column":3}},{"start":{},"end":{}}],"line":41},"2":{"loc":{"start":{"line":41,"column":6},"end":{"line":41,"column":54}},"type":"binary-expr","locations":[{"start":{"line":41,"column":6},"end":{"line":41,"column":11}},{"start":{"line":41,"column":15},"end":{"line":41,"column":54}}],"line":41},"3":{"loc":{"start":{"line":55,"column":2},"end":{"line":55,"column":86}},"type":"if","locations":[{"start":{"line":55,"column":2},"end":{"line":55,"column":86}},{"start":{},"end":{}}],"line":55},"4":{"loc":{"start":{"line":60,"column":4},"end":{"line":62,"column":5}},"type":"if","locations":[{"start":{"line":60,"column":4},"end":{"line":62,"column":5}},{"start":{},"end":{}}],"line":60},"5":{"loc":{"start":{"line":60,"column":8},"end":{"line":60,"column":51}},"type":"binary-expr","locations":[{"start":{"line":60,"column":8},"end":{"line":60,"column":13}},{"start":{"line":60,"column":17},"end":{"line":60,"column":51}}],"line":60},"6":{"loc":{"start":{"line":77,"column":2},"end":{"line":77,"column":78}},"type":"if","locations":[{"start":{"line":77,"column":2},"end":{"line":77,"column":78}},{"start":{},"end":{}}],"line":77},"7":{"loc":{"start":{"line":87,"column":0},"end":{"line":89,"column":1}},"type":"if","locations":[{"start":{"line":87,"column":0},"end":{"line":89,"column":1}},{"start":{},"end":{}}],"line":87},"8":{"loc":{"start":{"line":93,"column":2},"end":{"line":93,"column":79}},"type":"if","locations":[{"start":{"line":93,"column":2},"end":{"line":93,"column":79}},{"start":{},"end":{}}],"line":93},"9":{"loc":{"start":{"line":98,"column":4},"end":{"line":100,"column":5}},"type":"if","locations":[{"start":{"line":98,"column":4},"end":{"line":100,"column":5}},{"start":{},"end":{}}],"line":98},"10":{"loc":{"start":{"line":98,"column":8},"end":{"line":98,"column":44}},"type":"binary-expr","locations":[{"start":{"line":98,"column":8},"end":{"line":98,"column":13}},{"start":{"line":98,"column":17},"end":{"line":98,"column":44}}],"line":98}},"s":{"0":1,"1":1,"2":1,"3":1,"4":1,"5":1,"6":1,"7":1,"8":1,"9":0,"10":1,"11":2,"12":2,"13":2,"14":1,"15":1,"16":1,"17":1,"18":1,"19":0,"20":1,"21":1,"22":1,"23":0,"24":1,"25":1,"26":1,"27":1,"28":0,"29":1,"30":1,"31":1,"32":1,"33":1,"34":1,"35":1,"36":0,"37":1,"38":1,"39":1,"40":1,"41":0,"42":1,"43":1,"44":1,"45":1,"46":0,"47":1,"48":1,"49":1,"50":0,"51":1,"52":1,"53":1,"54":1,"55":0,"56":1,"57":0,"58":0,"59":1,"60":0,"61":0,"62":0,"63":0,"64":0,"65":0,"66":0,"67":0,"68":0,"69":0,"70":0,"71":0,"72":1},"f":{"0":1,"1":0,"2":2,"3":1,"4":1,"5":1,"6":1,"7":0,"8":0},"b":{"0":[0,1],"1":[0,1],"2":[1,1],"3":[0,1],"4":[0,1],"5":[1,1],"6":[0,1],"7":[0,1],"8":[0,0],"9":[0,0],"10":[0,0]},"_coverageSchema":"1a1c01bbd47fc00a2c39e90264f33305004495a9","hash":"27a245575ab53e13027a393b31ee1e4b32ca5fd0"}
,"C:\\DevOpsSecOpsTraining\\node-vuln-demo\\math.js": {"path":"C:\\DevOpsSecOpsTraining\\node-vuln-demo\\math.js","statementMap":{"0":{"start":{"line":2,"column":2},"end":{"line":2,"column":15}},"1":{"start":{"line":5,"column":0},"end":{"line":5,"column":25}}},"fnMap":{"0":{"name":"sum","decl":{"start":{"line":1,"column":9},"end":{"line":1,"column":12}},"loc":{"start":{"line":1,"column":19},"end":{"line":3,"column":1}},"line":1}},"branchMap":{},"s":{"0":1,"1":1},"f":{"0":1},"b":{},"_coverageSchema":"1a1c01bbd47fc00a2c39e90264f33305004495a9","hash":"5a541d9b53eb20548fde587f8a1084a1b92941ee"}
,"C:\\DevOpsSecOpsTraining\\node-vuln-demo\\model.user.js": {"path":"C:\\DevOpsSecOpsTraining\\node-vuln-demo\\model.user.js","statementMap":{"0":{"start":{"line":1,"column":17},"end":{"line":1,"column":36}},"1":{"start":{"line":2,"column":15},"end":{"line":2,"column":32}},"2":{"start":{"line":4,"column":19},"end":{"line":8,"column":2}},"3":{"start":{"line":10,"column":0},"end":{"line":14,"column":3}},"4":{"start":{"line":11,"column":2},"end":{"line":11,"column":50}},"5":{"start":{"line":11,"column":36},"end":{"line":11,"column":50}},"6":{"start":{"line":12,"column":2},"end":{"line":12,"column":55}},"7":{"start":{"line":13,"column":2},"end":{"line":13,"column":9}},"8":{"start":{"line":16,"column":0},"end":{"line":18,"column":2}},"9":{"start":{"line":17,"column":2},"end":{"line":17,"column":58}},"10":{"start":{"line":20,"column":0},"end":{"line":20,"column":52}}},"fnMap":{"0":{"name":"(anonymous_0)","decl":{"start":{"line":10,"column":23},"end":{"line":10,"column":24}},"loc":{"start":{"line":10,"column":45},"end":{"line":14,"column":1}},"line":10},"1":{"name":"(anonymous_1)","decl":{"start":{"line":16,"column":37},"end":{"line":16,"column":38}},"loc":{"start":{"line":16,"column":66},"end":{"line":18,"column":1}},"line":16}},"branchMap":{"0":{"loc":{"start":{"line":11,"column":2},"end":{"line":11,"column":50}},"type":"if","locations":[{"start":{"line":11,"column":2},"end":{"line":11,"column":50}},{"start":{},"end":{}}],"line":11}},"s":{"0":1,"1":1,"2":1,"3":1,"4":3,"5":2,"6":1,"7":1,"8":1,"9":1,"10":1},"f":{"0":3,"1":1},"b":{"0":[2,1]},"_coverageSchema":"1a1c01bbd47fc00a2c39e90264f33305004495a9","hash":"7e5193db7a995e5e4fd45ef3b2a61d285707d288"}
}
