TN:
SF:app.js
FN:11,(anonymous_0)
FN:12,(anonymous_1)
FN:16,generateTokens
FN:23,(anonymous_3)
FN:38,(anonymous_4)
FN:53,(anonymous_5)
FN:75,(anonymous_6)
FN:88,(anonymous_7)
FN:91,(anonymous_8)
FNF:9
FNH:6
FNDA:1,(anonymous_0)
FNDA:0,(anonymous_1)
FNDA:2,generateTokens
FNDA:1,(anonymous_3)
FNDA:1,(anonymous_4)
FNDA:1,(anonymous_5)
FNDA:1,(anonymous_6)
FNDA:0,(anonymous_7)
FNDA:0,(anonymous_8)
DA:1,1
DA:2,1
DA:3,1
DA:4,1
DA:5,1
DA:7,1
DA:8,1
DA:10,1
DA:11,1
DA:12,0
DA:14,1
DA:17,2
DA:18,2
DA:19,2
DA:23,1
DA:24,1
DA:25,1
DA:26,1
DA:27,1
DA:29,1
DA:30,1
DA:31,1
DA:33,0
DA:38,1
DA:39,1
DA:40,1
DA:41,1
DA:42,0
DA:45,1
DA:46,1
DA:47,1
DA:49,1
DA:53,1
DA:54,1
DA:55,1
DA:57,1
DA:58,1
DA:59,1
DA:60,1
DA:61,0
DA:64,1
DA:65,1
DA:66,1
DA:68,1
DA:70,0
DA:75,1
DA:76,1
DA:77,1
DA:79,1
DA:80,1
DA:81,1
DA:82,1
DA:84,0
DA:87,1
DA:88,0
DA:91,1
DA:92,0
DA:93,0
DA:95,0
DA:96,0
DA:97,0
DA:98,0
DA:99,0
DA:102,0
DA:103,0
DA:105,0
DA:107,0
DA:111,1
LF:68
LH:50
BRDA:27,0,0,0
BRDA:27,0,1,1
BRDA:41,1,0,0
BRDA:41,1,1,1
BRDA:41,2,0,1
BRDA:41,2,1,1
BRDA:55,3,0,0
BRDA:55,3,1,1
BRDA:60,4,0,0
BRDA:60,4,1,1
BRDA:60,5,0,1
BRDA:60,5,1,1
BRDA:77,6,0,0
BRDA:77,6,1,1
BRDA:87,7,0,0
BRDA:87,7,1,1
BRDA:93,8,0,0
BRDA:93,8,1,0
BRDA:98,9,0,0
BRDA:98,9,1,0
BRDA:98,10,0,0
BRDA:98,10,1,0
BRF:22
BRH:10
end_of_record
TN:
SF:math.js
FN:1,sum
FNF:1
FNH:1
FNDA:1,sum
DA:2,1
DA:5,1
LF:2
LH:2
BRF:0
BRH:0
end_of_record
TN:
SF:model.user.js
FN:10,(anonymous_0)
FN:16,(anonymous_1)
FNF:2
FNH:2
FNDA:3,(anonymous_0)
FNDA:1,(anonymous_1)
DA:1,1
DA:2,1
DA:4,1
DA:10,1
DA:11,3
DA:12,1
DA:13,1
DA:16,1
DA:17,1
DA:20,1
LF:10
LH:10
BRDA:11,0,0,2
BRDA:11,0,1,1
BRF:2
BRH:2
end_of_record
